# JRE version: Java(TM) SE Runtime Environment (17.0.10+11) (build 17.0.10+11-LTS-240)
# Java VM: Java HotSpot(TM) 64-Bit Server VM (17.0.10+11-LTS-240, mixed mode, sharing, tiered, compressed oops, compressed class ptrs, g1 gc, windows-amd64)
GC Precious Log:
 CPUs: 16 total, 16 available
 Memory: 32472M
 Large Page Support: Disabled
 NUMA Support: Disabled
 Compressed Oops: Enabled (Zero based)
 Heap Region Size: 2M
 Heap Min Capacity: 8M
 Heap Initial Capacity: 508M
 Heap Max Capacity: 4G
 Pre-touch: Disabled
 Parallel Workers: 13
 Concurrent Workers: 3
 Concurrent Refinement Workers: 13
 Periodic GC: Disabled
Heap:
 garbage-first heap   total 309248K, used 194609K [0x0000000700000000, 0x0000000800000000)
  region size 2048K, 18 young (36864K), 5 survivors (10240K)
 Metaspace       used 143872K, committed 144832K, reserved 1179648K
  class space    used 18371K, committed 18816K, reserved 1048576K
GC Heap History (20 events):
Event: 13.870 GC heap before
{Heap before GC invocations=29 (full 0):
 garbage-first heap   total 194560K, used 145613K [0x0000000700000000, 0x0000000800000000)
  region size 2048K, 30 young (61440K), 3 survivors (6144K)
 Metaspace       used 114380K, committed 115072K, reserved 1179648K
  class space    used 14873K, committed 15168K, reserved 1048576K
}
Event: 13.873 GC heap after
{Heap after GC invocations=30 (full 0):
 garbage-first heap   total 194560K, used 100460K [0x0000000700000000, 0x0000000800000000)
  region size 2048K, 4 young (8192K), 4 survivors (8192K)
 Metaspace       used 114380K, committed 115072K, reserved 1179648K
  class space    used 14873K, committed 15168K, reserved 1048576K
}
Event: 13.888 GC heap before
{Heap before GC invocations=30 (full 0):
 garbage-first heap   total 194560K, used 102508K [0x0000000700000000, 0x0000000800000000)
  region size 2048K, 5 young (10240K), 4 survivors (8192K)
 Metaspace       used 114380K, committed 115072K, reserved 1179648K
  class space    used 14873K, committed 15168K, reserved 1048576K
}
Event: 13.891 GC heap after
{Heap after GC invocations=31 (full 0):
 garbage-first heap   total 194560K, used 92820K [0x0000000700000000, 0x0000000800000000)
  region size 2048K, 1 young (2048K), 1 survivors (2048K)
 Metaspace       used 114380K, committed 115072K, reserved 1179648K
  class space    used 14873K, committed 15168K, reserved 1048576K
}
Event: 13.908 GC heap before
{Heap before GC invocations=31 (full 0):
 garbage-first heap   total 194560K, used 96916K [0x0000000700000000, 0x0000000800000000)
  region size 2048K, 4 young (8192K), 1 survivors (2048K)
 Metaspace       used 114380K, committed 115072K, reserved 1179648K
  class space    used 14873K, committed 15168K, reserved 1048576K
}
Event: 13.910 GC heap after
{Heap after GC invocations=32 (full 0):
 garbage-first heap   total 309248K, used 94159K [0x0000000700000000, 0x0000000800000000)
  region size 2048K, 2 young (4096K), 2 survivors (4096K)
 Metaspace       used 114380K, committed 115072K, reserved 1179648K
  class space    used 14873K, committed 15168K, reserved 1048576K
}
Event: 14.545 GC heap before
{Heap before GC invocations=32 (full 0):
 garbage-first heap   total 309248K, used 204751K [0x0000000700000000, 0x0000000800000000)
  region size 2048K, 55 young (112640K), 2 survivors (4096K)
 Metaspace       used 114772K, committed 115456K, reserved 1179648K
  class space    used 14874K, committed 15168K, reserved 1048576K
}
Event: 14.552 GC heap after
{Heap after GC invocations=33 (full 0):
 garbage-first heap   total 309248K, used 116147K [0x0000000700000000, 0x0000000800000000)
  region size 2048K, 7 young (14336K), 7 survivors (14336K)
 Metaspace       used 114772K, committed 115456K, reserved 1179648K
  class space    used 14874K, committed 15168K, reserved 1048576K
}
Event: 16.032 GC heap before
{Heap before GC invocations=33 (full 0):
 garbage-first heap   total 309248K, used 214451K [0x0000000700000000, 0x0000000800000000)
  region size 2048K, 55 young (112640K), 7 survivors (14336K)
 Metaspace       used 120748K, committed 121472K, reserved 1179648K
  class space    used 15677K, committed 16000K, reserved 1048576K
}
Event: 16.038 GC heap after
{Heap after GC invocations=34 (full 0):
 garbage-first heap   total 309248K, used 132232K [0x0000000700000000, 0x0000000800000000)
  region size 2048K, 7 young (14336K), 7 survivors (14336K)
 Metaspace       used 120748K, committed 121472K, reserved 1179648K
  class space    used 15677K, committed 16000K, reserved 1048576K
}
Event: 17.260 GC heap before
{Heap before GC invocations=34 (full 0):
 garbage-first heap   total 309248K, used 222344K [0x0000000700000000, 0x0000000800000000)
  region size 2048K, 51 young (104448K), 7 survivors (14336K)
 Metaspace       used 126814K, committed 127680K, reserved 1179648K
  class space    used 16587K, committed 17024K, reserved 1048576K
}
Event: 17.266 GC heap after
{Heap after GC invocations=35 (full 0):
 garbage-first heap   total 309248K, used 136126K [0x0000000700000000, 0x0000000800000000)
  region size 2048K, 3 young (6144K), 3 survivors (6144K)
 Metaspace       used 126814K, committed 127680K, reserved 1179648K
  class space    used 16587K, committed 17024K, reserved 1048576K
}
Event: 18.451 GC heap before
{Heap before GC invocations=35 (full 0):
 garbage-first heap   total 309248K, used 230334K [0x0000000700000000, 0x0000000800000000)
  region size 2048K, 49 young (100352K), 3 survivors (6144K)
 Metaspace       used 134231K, committed 135104K, reserved 1179648K
  class space    used 17408K, committed 17792K, reserved 1048576K
}
Event: 18.454 GC heap after
{Heap after GC invocations=36 (full 0):
 garbage-first heap   total 309248K, used 142301K [0x0000000700000000, 0x0000000800000000)
  region size 2048K, 6 young (12288K), 6 survivors (12288K)
 Metaspace       used 134231K, committed 135104K, reserved 1179648K
  class space    used 17408K, committed 17792K, reserved 1048576K
}
Event: 19.360 GC heap before
{Heap before GC invocations=36 (full 0):
 garbage-first heap   total 309248K, used 232413K [0x0000000700000000, 0x0000000800000000)
  region size 2048K, 51 young (104448K), 6 survivors (12288K)
 Metaspace       used 140258K, committed 141184K, reserved 1179648K
  class space    used 18173K, committed 18624K, reserved 1048576K
}
Event: 19.365 GC heap after
{Heap after GC invocations=37 (full 0):
 garbage-first heap   total 309248K, used 149644K [0x0000000700000000, 0x0000000800000000)
  region size 2048K, 7 young (14336K), 7 survivors (14336K)
 Metaspace       used 140258K, committed 141184K, reserved 1179648K
  class space    used 18173K, committed 18624K, reserved 1048576K
}
Event: 19.968 GC heap before
{Heap before GC invocations=37 (full 0):
 garbage-first heap   total 309248K, used 239756K [0x0000000700000000, 0x0000000800000000)
  region size 2048K, 51 young (104448K), 7 survivors (14336K)
 Metaspace       used 140901K, committed 141824K, reserved 1179648K
  class space    used 18221K, committed 18688K, reserved 1048576K
}
Event: 19.974 GC heap after
{Heap after GC invocations=38 (full 0):
 garbage-first heap   total 309248K, used 159926K [0x0000000700000000, 0x0000000800000000)
  region size 2048K, 6 young (12288K), 6 survivors (12288K)
 Metaspace       used 140901K, committed 141824K, reserved 1179648K
  class space    used 18221K, committed 18688K, reserved 1048576K
}
Event: 21.387 GC heap before
{Heap before GC invocations=38 (full 0):
 garbage-first heap   total 309248K, used 241846K [0x0000000700000000, 0x0000000800000000)
  region size 2048K, 46 young (94208K), 6 survivors (12288K)
 Metaspace       used 142900K, committed 143808K, reserved 1179648K
  class space    used 18317K, committed 18752K, reserved 1048576K
}
Event: 21.393 GC heap after
{Heap after GC invocations=39 (full 0):
 garbage-first heap   total 309248K, used 170033K [0x0000000700000000, 0x0000000800000000)
  region size 2048K, 5 young (10240K), 5 survivors (10240K)
 Metaspace       used 142900K, committed 143808K, reserved 1179648K
  class space    used 18317K, committed 18752K, reserved 1048576K
}

