# JRE version: Java(TM) SE Runtime Environment (17.0.10+11) (build 17.0.10+11-LTS-240)
# Java VM: Java HotSpot(TM) 64-Bit Server VM (17.0.10+11-LTS-240, mixed mode, sharing, tiered, compressed oops, compressed class ptrs, serial gc, windows-amd64)
GC Precious Log:
 CPUs: 16 total, 16 available
 Memory: 32472M
 Large Page Support: Disabled
 NUMA Support: Disabled
 Compressed Oops: Enabled (32-bit)
 Heap Min Capacity: 8M
 Heap Initial Capacity: 508M
 Heap Max Capacity: 1536M
 Pre-touch: Disabled
Heap:
 def new generation   total 471872K, used 120998K [0x00000000a0000000, 0x00000000c0000000, 0x00000000c0000000)
  eden space 419456K,  16% used [0x00000000a0000000, 0x00000000a42f9aa8, 0x00000000b99a0000)
  from space 52416K, 100% used [0x00000000bccd0000, 0x00000000c0000000, 0x00000000c0000000)
  to   space 52416K,   0% used [0x00000000b99a0000, 0x00000000b99a0000, 0x00000000bccd0000)
 tenured generation   total 1048576K, used 633200K [0x00000000c0000000, 0x0000000100000000, 0x0000000100000000)
   the space 1048576K,  60% used [0x00000000c0000000, 0x00000000e6a5c200, 0x00000000e6a5c200, 0x0000000100000000)
 Metaspace       used 225907K, committed 227200K, reserved 1310720K
  class space    used 30055K, committed 30720K, reserved 1048576K
GC Heap History (20 events):
Event: 252.490 GC heap before
{Heap before GC invocations=320 (full 11):
 def new generation   total 471872K, used 436458K [0x00000000a0000000, 0x00000000c0000000, 0x00000000c0000000)
  eden space 419456K, 100% used [0x00000000a0000000, 0x00000000b99a0000, 0x00000000b99a0000)
  from space 52416K,  32% used [0x00000000bccd0000, 0x00000000bdd6aaf8, 0x00000000c0000000)
  to   space 52416K,   0% used [0x00000000b99a0000, 0x00000000b99a0000, 0x00000000bccd0000)
 tenured generation   total 1048576K, used 617306K [0x00000000c0000000, 0x0000000100000000, 0x0000000100000000)
   the space 1048576K,  58% used [0x00000000c0000000, 0x00000000e5ad6938, 0x00000000e5ad6a00, 0x0000000100000000)
 Metaspace       used 225907K, committed 227200K, reserved 1310720K
  class space    used 30055K, committed 30720K, reserved 1048576K
}
Event: 252.504 GC heap after
{Heap after GC invocations=321 (full 11):
 def new generation   total 471872K, used 17112K [0x00000000a0000000, 0x00000000c0000000, 0x00000000c0000000)
  eden space 419456K,   0% used [0x00000000a0000000, 0x00000000a0000000, 0x00000000b99a0000)
  from space 52416K,  32% used [0x00000000b99a0000, 0x00000000baa560b8, 0x00000000bccd0000)
  to   space 52416K,   0% used [0x00000000bccd0000, 0x00000000bccd0000, 0x00000000c0000000)
 tenured generation   total 1048576K, used 618420K [0x00000000c0000000, 0x0000000100000000, 0x0000000100000000)
   the space 1048576K,  58% used [0x00000000c0000000, 0x00000000e5bed1b8, 0x00000000e5bed200, 0x0000000100000000)
 Metaspace       used 225907K, committed 227200K, reserved 1310720K
  class space    used 30055K, committed 30720K, reserved 1048576K
}
Event: 252.678 GC heap before
{Heap before GC invocations=321 (full 11):
 def new generation   total 471872K, used 436568K [0x00000000a0000000, 0x00000000c0000000, 0x00000000c0000000)
  eden space 419456K, 100% used [0x00000000a0000000, 0x00000000b99a0000, 0x00000000b99a0000)
  from space 52416K,  32% used [0x00000000b99a0000, 0x00000000baa560b8, 0x00000000bccd0000)
  to   space 52416K,   0% used [0x00000000bccd0000, 0x00000000bccd0000, 0x00000000c0000000)
 tenured generation   total 1048576K, used 618420K [0x00000000c0000000, 0x0000000100000000, 0x0000000100000000)
   the space 1048576K,  58% used [0x00000000c0000000, 0x00000000e5bed1b8, 0x00000000e5bed200, 0x0000000100000000)
 Metaspace       used 225907K, committed 227200K, reserved 1310720K
  class space    used 30055K, committed 30720K, reserved 1048576K
}
Event: 252.691 GC heap after
{Heap after GC invocations=322 (full 11):
 def new generation   total 471872K, used 16733K [0x00000000a0000000, 0x00000000c0000000, 0x00000000c0000000)
  eden space 419456K,   0% used [0x00000000a0000000, 0x00000000a0000000, 0x00000000b99a0000)
  from space 52416K,  31% used [0x00000000bccd0000, 0x00000000bdd274c8, 0x00000000c0000000)
  to   space 52416K,   0% used [0x00000000b99a0000, 0x00000000b99a0000, 0x00000000bccd0000)
 tenured generation   total 1048576K, used 619557K [0x00000000c0000000, 0x0000000100000000, 0x0000000100000000)
   the space 1048576K,  59% used [0x00000000c0000000, 0x00000000e5d09700, 0x00000000e5d09800, 0x0000000100000000)
 Metaspace       used 225907K, committed 227200K, reserved 1310720K
  class space    used 30055K, committed 30720K, reserved 1048576K
}
Event: 252.862 GC heap before
{Heap before GC invocations=322 (full 11):
 def new generation   total 471872K, used 436189K [0x00000000a0000000, 0x00000000c0000000, 0x00000000c0000000)
  eden space 419456K, 100% used [0x00000000a0000000, 0x00000000b99a0000, 0x00000000b99a0000)
  from space 52416K,  31% used [0x00000000bccd0000, 0x00000000bdd274c8, 0x00000000c0000000)
  to   space 52416K,   0% used [0x00000000b99a0000, 0x00000000b99a0000, 0x00000000bccd0000)
 tenured generation   total 1048576K, used 619557K [0x00000000c0000000, 0x0000000100000000, 0x0000000100000000)
   the space 1048576K,  59% used [0x00000000c0000000, 0x00000000e5d09700, 0x00000000e5d09800, 0x0000000100000000)
 Metaspace       used 225907K, committed 227200K, reserved 1310720K
  class space    used 30055K, committed 30720K, reserved 1048576K
}
Event: 252.875 GC heap after
{Heap after GC invocations=323 (full 11):
 def new generation   total 471872K, used 17085K [0x00000000a0000000, 0x00000000c0000000, 0x00000000c0000000)
  eden space 419456K,   0% used [0x00000000a0000000, 0x00000000a0000000, 0x00000000b99a0000)
  from space 52416K,  32% used [0x00000000b99a0000, 0x00000000baa4f688, 0x00000000bccd0000)
  to   space 52416K,   0% used [0x00000000bccd0000, 0x00000000bccd0000, 0x00000000c0000000)
 tenured generation   total 1048576K, used 620668K [0x00000000c0000000, 0x0000000100000000, 0x0000000100000000)
   the space 1048576K,  59% used [0x00000000c0000000, 0x00000000e5e1f0c8, 0x00000000e5e1f200, 0x0000000100000000)
 Metaspace       used 225907K, committed 227200K, reserved 1310720K
  class space    used 30055K, committed 30720K, reserved 1048576K
}
Event: 253.044 GC heap before
{Heap before GC invocations=323 (full 11):
 def new generation   total 471872K, used 436541K [0x00000000a0000000, 0x00000000c0000000, 0x00000000c0000000)
  eden space 419456K, 100% used [0x00000000a0000000, 0x00000000b99a0000, 0x00000000b99a0000)
  from space 52416K,  32% used [0x00000000b99a0000, 0x00000000baa4f688, 0x00000000bccd0000)
  to   space 52416K,   0% used [0x00000000bccd0000, 0x00000000bccd0000, 0x00000000c0000000)
 tenured generation   total 1048576K, used 620668K [0x00000000c0000000, 0x0000000100000000, 0x0000000100000000)
   the space 1048576K,  59% used [0x00000000c0000000, 0x00000000e5e1f0c8, 0x00000000e5e1f200, 0x0000000100000000)
 Metaspace       used 225907K, committed 227200K, reserved 1310720K
  class space    used 30055K, committed 30720K, reserved 1048576K
}
Event: 253.057 GC heap after
{Heap after GC invocations=324 (full 11):
 def new generation   total 471872K, used 16780K [0x00000000a0000000, 0x00000000c0000000, 0x00000000c0000000)
  eden space 419456K,   0% used [0x00000000a0000000, 0x00000000a0000000, 0x00000000b99a0000)
  from space 52416K,  32% used [0x00000000bccd0000, 0x00000000bdd33358, 0x00000000c0000000)
  to   space 52416K,   0% used [0x00000000b99a0000, 0x00000000b99a0000, 0x00000000bccd0000)
 tenured generation   total 1048576K, used 621758K [0x00000000c0000000, 0x0000000100000000, 0x0000000100000000)
   the space 1048576K,  59% used [0x00000000c0000000, 0x00000000e5f2f830, 0x00000000e5f2fa00, 0x0000000100000000)
 Metaspace       used 225907K, committed 227200K, reserved 1310720K
  class space    used 30055K, committed 30720K, reserved 1048576K
}
Event: 253.228 GC heap before
{Heap before GC invocations=324 (full 11):
 def new generation   total 471872K, used 436236K [0x00000000a0000000, 0x00000000c0000000, 0x00000000c0000000)
  eden space 419456K, 100% used [0x00000000a0000000, 0x00000000b99a0000, 0x00000000b99a0000)
  from space 52416K,  32% used [0x00000000bccd0000, 0x00000000bdd33358, 0x00000000c0000000)
  to   space 52416K,   0% used [0x00000000b99a0000, 0x00000000b99a0000, 0x00000000bccd0000)
 tenured generation   total 1048576K, used 621758K [0x00000000c0000000, 0x0000000100000000, 0x0000000100000000)
   the space 1048576K,  59% used [0x00000000c0000000, 0x00000000e5f2f830, 0x00000000e5f2fa00, 0x0000000100000000)
 Metaspace       used 225907K, committed 227200K, reserved 1310720K
  class space    used 30055K, committed 30720K, reserved 1048576K
}
Event: 253.240 GC heap after
{Heap after GC invocations=325 (full 11):
 def new generation   total 471872K, used 17013K [0x00000000a0000000, 0x00000000c0000000, 0x00000000c0000000)
  eden space 419456K,   0% used [0x00000000a0000000, 0x00000000a0000000, 0x00000000b99a0000)
  from space 52416K,  32% used [0x00000000b99a0000, 0x00000000baa3d4b8, 0x00000000bccd0000)
  to   space 52416K,   0% used [0x00000000bccd0000, 0x00000000bccd0000, 0x00000000c0000000)
 tenured generation   total 1048576K, used 622867K [0x00000000c0000000, 0x0000000100000000, 0x0000000100000000)
   the space 1048576K,  59% used [0x00000000c0000000, 0x00000000e6044ee0, 0x00000000e6045000, 0x0000000100000000)
 Metaspace       used 225907K, committed 227200K, reserved 1310720K
  class space    used 30055K, committed 30720K, reserved 1048576K
}
Event: 253.413 GC heap before
{Heap before GC invocations=325 (full 11):
 def new generation   total 471872K, used 436469K [0x00000000a0000000, 0x00000000c0000000, 0x00000000c0000000)
  eden space 419456K, 100% used [0x00000000a0000000, 0x00000000b99a0000, 0x00000000b99a0000)
  from space 52416K,  32% used [0x00000000b99a0000, 0x00000000baa3d4b8, 0x00000000bccd0000)
  to   space 52416K,   0% used [0x00000000bccd0000, 0x00000000bccd0000, 0x00000000c0000000)
 tenured generation   total 1048576K, used 622867K [0x00000000c0000000, 0x0000000100000000, 0x0000000100000000)
   the space 1048576K,  59% used [0x00000000c0000000, 0x00000000e6044ee0, 0x00000000e6045000, 0x0000000100000000)
 Metaspace       used 225907K, committed 227200K, reserved 1310720K
  class space    used 30055K, committed 30720K, reserved 1048576K
}
Event: 253.427 GC heap after
{Heap after GC invocations=326 (full 11):
 def new generation   total 471872K, used 17852K [0x00000000a0000000, 0x00000000c0000000, 0x00000000c0000000)
  eden space 419456K,   0% used [0x00000000a0000000, 0x00000000a0000000, 0x00000000b99a0000)
  from space 52416K,  34% used [0x00000000bccd0000, 0x00000000bde3f230, 0x00000000c0000000)
  to   space 52416K,   0% used [0x00000000b99a0000, 0x00000000b99a0000, 0x00000000bccd0000)
 tenured generation   total 1048576K, used 623992K [0x00000000c0000000, 0x0000000100000000, 0x0000000100000000)
   the space 1048576K,  59% used [0x00000000c0000000, 0x00000000e615e1d0, 0x00000000e615e200, 0x0000000100000000)
 Metaspace       used 225907K, committed 227200K, reserved 1310720K
  class space    used 30055K, committed 30720K, reserved 1048576K
}
Event: 253.595 GC heap before
{Heap before GC invocations=326 (full 11):
 def new generation   total 471872K, used 437308K [0x00000000a0000000, 0x00000000c0000000, 0x00000000c0000000)
  eden space 419456K, 100% used [0x00000000a0000000, 0x00000000b99a0000, 0x00000000b99a0000)
  from space 52416K,  34% used [0x00000000bccd0000, 0x00000000bde3f230, 0x00000000c0000000)
  to   space 52416K,   0% used [0x00000000b99a0000, 0x00000000b99a0000, 0x00000000bccd0000)
 tenured generation   total 1048576K, used 623992K [0x00000000c0000000, 0x0000000100000000, 0x0000000100000000)
   the space 1048576K,  59% used [0x00000000c0000000, 0x00000000e615e1d0, 0x00000000e615e200, 0x0000000100000000)
 Metaspace       used 225907K, committed 227200K, reserved 1310720K
  class space    used 30055K, committed 30720K, reserved 1048576K
}
Event: 253.609 GC heap after
{Heap after GC invocations=327 (full 11):
 def new generation   total 471872K, used 16899K [0x00000000a0000000, 0x00000000c0000000, 0x00000000c0000000)
  eden space 419456K,   0% used [0x00000000a0000000, 0x00000000a0000000, 0x00000000b99a0000)
  from space 52416K,  32% used [0x00000000b99a0000, 0x00000000baa20c40, 0x00000000bccd0000)
  to   space 52416K,   0% used [0x00000000bccd0000, 0x00000000bccd0000, 0x00000000c0000000)
 tenured generation   total 1048576K, used 625091K [0x00000000c0000000, 0x0000000100000000, 0x0000000100000000)
   the space 1048576K,  59% used [0x00000000c0000000, 0x00000000e6270fa0, 0x00000000e6271000, 0x0000000100000000)
 Metaspace       used 225907K, committed 227200K, reserved 1310720K
  class space    used 30055K, committed 30720K, reserved 1048576K
}
Event: 253.778 GC heap before
{Heap before GC invocations=327 (full 11):
 def new generation   total 471872K, used 436355K [0x00000000a0000000, 0x00000000c0000000, 0x00000000c0000000)
  eden space 419456K, 100% used [0x00000000a0000000, 0x00000000b99a0000, 0x00000000b99a0000)
  from space 52416K,  32% used [0x00000000b99a0000, 0x00000000baa20c40, 0x00000000bccd0000)
  to   space 52416K,   0% used [0x00000000bccd0000, 0x00000000bccd0000, 0x00000000c0000000)
 tenured generation   total 1048576K, used 625091K [0x00000000c0000000, 0x0000000100000000, 0x0000000100000000)
   the space 1048576K,  59% used [0x00000000c0000000, 0x00000000e6270fa0, 0x00000000e6271000, 0x0000000100000000)
 Metaspace       used 225907K, committed 227200K, reserved 1310720K
  class space    used 30055K, committed 30720K, reserved 1048576K
}
Event: 253.791 GC heap after
{Heap after GC invocations=328 (full 11):
 def new generation   total 471872K, used 16764K [0x00000000a0000000, 0x00000000c0000000, 0x00000000c0000000)
  eden space 419456K,   0% used [0x00000000a0000000, 0x00000000a0000000, 0x00000000b99a0000)
  from space 52416K,  31% used [0x00000000bccd0000, 0x00000000bdd2f118, 0x00000000c0000000)
  to   space 52416K,   0% used [0x00000000b99a0000, 0x00000000b99a0000, 0x00000000bccd0000)
 tenured generation   total 1048576K, used 626228K [0x00000000c0000000, 0x0000000100000000, 0x0000000100000000)
   the space 1048576K,  59% used [0x00000000c0000000, 0x00000000e638d138, 0x00000000e638d200, 0x0000000100000000)
 Metaspace       used 225907K, committed 227200K, reserved 1310720K
  class space    used 30055K, committed 30720K, reserved 1048576K
}
Event: 253.959 GC heap before
{Heap before GC invocations=328 (full 11):
 def new generation   total 471872K, used 436220K [0x00000000a0000000, 0x00000000c0000000, 0x00000000c0000000)
  eden space 419456K, 100% used [0x00000000a0000000, 0x00000000b99a0000, 0x00000000b99a0000)
  from space 52416K,  31% used [0x00000000bccd0000, 0x00000000bdd2f118, 0x00000000c0000000)
  to   space 52416K,   0% used [0x00000000b99a0000, 0x00000000b99a0000, 0x00000000bccd0000)
 tenured generation   total 1048576K, used 626228K [0x00000000c0000000, 0x0000000100000000, 0x0000000100000000)
   the space 1048576K,  59% used [0x00000000c0000000, 0x00000000e638d138, 0x00000000e638d200, 0x0000000100000000)
 Metaspace       used 225907K, committed 227200K, reserved 1310720K
  class space    used 30055K, committed 30720K, reserved 1048576K
}
Event: 253.972 GC heap after
{Heap after GC invocations=329 (full 11):
 def new generation   total 471872K, used 17023K [0x00000000a0000000, 0x00000000c0000000, 0x00000000c0000000)
  eden space 419456K,   0% used [0x00000000a0000000, 0x00000000a0000000, 0x00000000b99a0000)
  from space 52416K,  32% used [0x00000000b99a0000, 0x00000000baa3ff90, 0x00000000bccd0000)
  to   space 52416K,   0% used [0x00000000bccd0000, 0x00000000bccd0000, 0x00000000c0000000)
 tenured generation   total 1048576K, used 627383K [0x00000000c0000000, 0x0000000100000000, 0x0000000100000000)
   the space 1048576K,  59% used [0x00000000c0000000, 0x00000000e64ade70, 0x00000000e64ae000, 0x0000000100000000)
 Metaspace       used 225907K, committed 227200K, reserved 1310720K
  class space    used 30055K, committed 30720K, reserved 1048576K
}
Event: 254.515 GC heap before
{Heap before GC invocations=329 (full 11):
 def new generation   total 471872K, used 395539K [0x00000000a0000000, 0x00000000c0000000, 0x00000000c0000000)
  eden space 419456K,  90% used [0x00000000a0000000, 0x00000000b71a4f18, 0x00000000b99a0000)
  from space 52416K,  32% used [0x00000000b99a0000, 0x00000000baa3ff90, 0x00000000bccd0000)
  to   space 52416K,   0% used [0x00000000bccd0000, 0x00000000bccd0000, 0x00000000c0000000)
 tenured generation   total 1048576K, used 627383K [0x00000000c0000000, 0x0000000100000000, 0x0000000100000000)
   the space 1048576K,  59% used [0x00000000c0000000, 0x00000000e64ade70, 0x00000000e64ae000, 0x0000000100000000)
 Metaspace       used 225907K, committed 227200K, reserved 1310720K
  class space    used 30055K, committed 30720K, reserved 1048576K
}
Event: 254.547 GC heap after
{Heap after GC invocations=330 (full 11):
 def new generation   total 471872K, used 52416K [0x00000000a0000000, 0x00000000c0000000, 0x00000000c0000000)
  eden space 419456K,   0% used [0x00000000a0000000, 0x00000000a0000000, 0x00000000b99a0000)
  from space 52416K, 100% used [0x00000000bccd0000, 0x00000000c0000000, 0x00000000c0000000)
  to   space 52416K,   0% used [0x00000000b99a0000, 0x00000000b99a0000, 0x00000000bccd0000)
 tenured generation   total 1048576K, used 633200K [0x00000000c0000000, 0x0000000100000000, 0x0000000100000000)
   the space 1048576K,  60% used [0x00000000c0000000, 0x00000000e6a5c200, 0x00000000e6a5c200, 0x0000000100000000)
 Metaspace       used 225907K, committed 227200K, reserved 1310720K
  class space    used 30055K, committed 30720K, reserved 1048576K
}

