# JRE version: OpenJDK Runtime Environment Temurin-21.0.10+7 (21.0.10+7) (build 21.0.10+7-LTS)
# Java VM: OpenJDK 64-Bit Server VM Temurin-21.0.10+7 (21.0.10+7-LTS, mixed mode, sharing, tiered, compressed oops, compressed class ptrs, g1 gc, windows-amd64)
GC Precious Log:
 CardTable entry size: 512
 Card Set container configuration: InlinePtr #cards 4 size 8 Array Of Cards #cards 16 size 48 Howl #buckets 8 coarsen threshold 3686 Howl Bitmap #cards 512 size 80 coarsen threshold 460 Card regions per heap region 1 cards per card region 4096
 CPUs: 16 total, 16 available
 Memory: 32472M
 Large Page Support: Disabled
 NUMA Support: Disabled
 Compressed Oops: Enabled (Zero based)
 Heap Region Size: 2M
 Heap Min Capacity: 8M
 Heap Initial Capacity: 508M
 Heap Max Capacity: 4G
 Pre-touch: Disabled
 Parallel Workers: 13
 Concurrent Workers: 3
 Concurrent Refinement Workers: 13
 Periodic GC: Disabled
Heap:
 garbage-first heap   total 555008K, used 268780K [0x0000000700000000, 0x0000000800000000)
  region size 2048K, 27 young (55296K), 6 survivors (12288K)
 Metaspace       used 269225K, committed 272832K, reserved 1310720K
  class space    used 33514K, committed 35328K, reserved 1048576K
GC Heap History (20 events):
Event: 1044.845 GC heap before
{Heap before GC invocations=87 (full 0):
 garbage-first heap   total 555008K, used 520399K [0x0000000700000000, 0x0000000800000000)
  region size 2048K, 148 young (303104K), 4 survivors (8192K)
 Metaspace       used 267807K, committed 271232K, reserved 1310720K
  class space    used 33421K, committed 35136K, reserved 1048576K
}
Event: 1044.849 GC heap after
{Heap after GC invocations=88 (full 0):
 garbage-first heap   total 555008K, used 221152K [0x0000000700000000, 0x0000000800000000)
  region size 2048K, 1 young (2048K), 1 survivors (2048K)
 Metaspace       used 267807K, committed 271232K, reserved 1310720K
  class space    used 33421K, committed 35136K, reserved 1048576K
}
Event: 1061.450 GC heap before
{Heap before GC invocations=89 (full 0):
 garbage-first heap   total 555008K, used 522208K [0x0000000700000000, 0x0000000800000000)
  region size 2048K, 148 young (303104K), 1 survivors (2048K)
 Metaspace       used 268014K, committed 271488K, reserved 1310720K
  class space    used 33441K, committed 35200K, reserved 1048576K
}
Event: 1061.455 GC heap after
{Heap after GC invocations=90 (full 0):
 garbage-first heap   total 555008K, used 226060K [0x0000000700000000, 0x0000000800000000)
  region size 2048K, 4 young (8192K), 4 survivors (8192K)
 Metaspace       used 268014K, committed 271488K, reserved 1310720K
  class space    used 33441K, committed 35200K, reserved 1048576K
}
Event: 1082.069 GC heap before
{Heap before GC invocations=90 (full 0):
 garbage-first heap   total 555008K, used 520972K [0x0000000700000000, 0x0000000800000000)
  region size 2048K, 148 young (303104K), 4 survivors (8192K)
 Metaspace       used 268647K, committed 272128K, reserved 1310720K
  class space    used 33493K, committed 35264K, reserved 1048576K
}
Event: 1082.076 GC heap after
{Heap after GC invocations=91 (full 0):
 garbage-first heap   total 555008K, used 218816K [0x0000000700000000, 0x0000000800000000)
  region size 2048K, 1 young (2048K), 1 survivors (2048K)
 Metaspace       used 268647K, committed 272128K, reserved 1310720K
  class space    used 33493K, committed 35264K, reserved 1048576K
}
Event: 1098.531 GC heap before
{Heap before GC invocations=91 (full 0):
 garbage-first heap   total 555008K, used 521920K [0x0000000700000000, 0x0000000800000000)
  region size 2048K, 149 young (305152K), 1 survivors (2048K)
 Metaspace       used 268660K, committed 272128K, reserved 1310720K
  class space    used 33494K, committed 35264K, reserved 1048576K
}
Event: 1098.536 GC heap after
{Heap after GC invocations=92 (full 0):
 garbage-first heap   total 555008K, used 225026K [0x0000000700000000, 0x0000000800000000)
  region size 2048K, 4 young (8192K), 4 survivors (8192K)
 Metaspace       used 268660K, committed 272128K, reserved 1310720K
  class space    used 33494K, committed 35264K, reserved 1048576K
}
Event: 1128.940 GC heap before
{Heap before GC invocations=93 (full 0):
 garbage-first heap   total 555008K, used 521986K [0x0000000700000000, 0x0000000800000000)
  region size 2048K, 149 young (305152K), 4 survivors (8192K)
 Metaspace       used 268698K, committed 272256K, reserved 1310720K
  class space    used 33494K, committed 35264K, reserved 1048576K
}
Event: 1128.943 GC heap after
{Heap after GC invocations=94 (full 0):
 garbage-first heap   total 555008K, used 219294K [0x0000000700000000, 0x0000000800000000)
  region size 2048K, 1 young (2048K), 1 survivors (2048K)
 Metaspace       used 268698K, committed 272256K, reserved 1310720K
  class space    used 33494K, committed 35264K, reserved 1048576K
}
Event: 1142.570 GC heap before
{Heap before GC invocations=94 (full 0):
 garbage-first heap   total 555008K, used 520350K [0x0000000700000000, 0x0000000800000000)
  region size 2048K, 149 young (305152K), 1 survivors (2048K)
 Metaspace       used 268709K, committed 272256K, reserved 1310720K
  class space    used 33494K, committed 35264K, reserved 1048576K
}
Event: 1142.582 GC heap after
{Heap after GC invocations=95 (full 0):
 garbage-first heap   total 555008K, used 224748K [0x0000000700000000, 0x0000000800000000)
  region size 2048K, 5 young (10240K), 5 survivors (10240K)
 Metaspace       used 268709K, committed 272256K, reserved 1310720K
  class space    used 33494K, committed 35264K, reserved 1048576K
}
Event: 1247.614 GC heap before
{Heap before GC invocations=95 (full 0):
 garbage-first heap   total 555008K, used 519660K [0x0000000700000000, 0x0000000800000000)
  region size 2048K, 150 young (307200K), 5 survivors (10240K)
 Metaspace       used 268761K, committed 272320K, reserved 1310720K
  class space    used 33494K, committed 35264K, reserved 1048576K
}
Event: 1247.618 GC heap after
{Heap after GC invocations=96 (full 0):
 garbage-first heap   total 555008K, used 218632K [0x0000000700000000, 0x0000000800000000)
  region size 2048K, 1 young (2048K), 1 survivors (2048K)
 Metaspace       used 268761K, committed 272320K, reserved 1310720K
  class space    used 33494K, committed 35264K, reserved 1048576K
}
Event: 1251.564 GC heap before
{Heap before GC invocations=97 (full 0):
 garbage-first heap   total 555008K, used 521736K [0x0000000700000000, 0x0000000800000000)
  region size 2048K, 150 young (307200K), 1 survivors (2048K)
 Metaspace       used 268899K, committed 272512K, reserved 1310720K
  class space    used 33508K, committed 35328K, reserved 1048576K
}
Event: 1251.574 GC heap after
{Heap after GC invocations=98 (full 0):
 garbage-first heap   total 555008K, used 245341K [0x0000000700000000, 0x0000000800000000)
  region size 2048K, 14 young (28672K), 14 survivors (28672K)
 Metaspace       used 268899K, committed 272512K, reserved 1310720K
  class space    used 33508K, committed 35328K, reserved 1048576K
}
Event: 1270.793 GC heap before
{Heap before GC invocations=98 (full 0):
 garbage-first heap   total 555008K, used 519773K [0x0000000700000000, 0x0000000800000000)
  region size 2048K, 147 young (301056K), 14 survivors (28672K)
 Metaspace       used 269180K, committed 272768K, reserved 1310720K
  class space    used 33514K, committed 35328K, reserved 1048576K
}
Event: 1270.799 GC heap after
{Heap after GC invocations=99 (full 0):
 garbage-first heap   total 555008K, used 223351K [0x0000000700000000, 0x0000000800000000)
  region size 2048K, 3 young (6144K), 3 survivors (6144K)
 Metaspace       used 269180K, committed 272768K, reserved 1310720K
  class space    used 33514K, committed 35328K, reserved 1048576K
}
Event: 1271.806 GC heap before
{Heap before GC invocations=99 (full 0):
 garbage-first heap   total 555008K, used 520311K [0x0000000700000000, 0x0000000800000000)
  region size 2048K, 148 young (303104K), 3 survivors (6144K)
 Metaspace       used 269223K, committed 272832K, reserved 1310720K
  class space    used 33514K, committed 35328K, reserved 1048576K
}
Event: 1271.811 GC heap after
{Heap after GC invocations=100 (full 0):
 garbage-first heap   total 555008K, used 227820K [0x0000000700000000, 0x0000000800000000)
  region size 2048K, 6 young (12288K), 6 survivors (12288K)
 Metaspace       used 269223K, committed 272832K, reserved 1310720K
  class space    used 33514K, committed 35328K, reserved 1048576K
}

