# JRE version: OpenJDK Runtime Environment Temurin-21.0.10+7 (21.0.10+7) (build 21.0.10+7-LTS)
# Java VM: OpenJDK 64-Bit Server VM Temurin-21.0.10+7 (21.0.10+7-LTS, mixed mode, sharing, tiered, compressed oops, compressed class ptrs, serial gc, windows-amd64)
GC Precious Log:
 CardTable entry size: 512
 CPUs: 16 total, 16 available
 Memory: 32472M
 Large Page Support: Disabled
 NUMA Support: Disabled
 Compressed Oops: Enabled (32-bit)
 Heap Min Capacity: 8M
 Heap Initial Capacity: 508M
 Heap Max Capacity: 1536M
 Pre-touch: Disabled
Heap:
 def new generation   total 156160K, used 6005K [0x00000000a0000000, 0x00000000aa970000, 0x00000000c0000000)
  eden space 138816K,   4% used [0x00000000a0000000, 0x00000000a05dd788, 0x00000000a8790000)
  from space 17344K,   0% used [0x00000000a8790000, 0x00000000a8790000, 0x00000000a9880000)
  to   space 17344K,   0% used [0x00000000a9880000, 0x00000000a9880000, 0x00000000aa970000)
 tenured generation   total 346816K, used 22275K [0x00000000c0000000, 0x00000000d52b0000, 0x0000000100000000)
   the space 346816K,   6% used [0x00000000c0000000, 0x00000000c15c0c08, 0x00000000c15c0e00, 0x00000000d52b0000)
 Metaspace       used 21111K, committed 21824K, reserved 1114112K
  class space    used 3132K, committed 3456K, reserved 1048576K
GC Heap History (4 events):
Event: 1.518 GC heap before
{Heap before GC invocations=0 (full 0):
 def new generation   total 156096K, used 138816K [0x00000000a0000000, 0x00000000aa950000, 0x00000000c0000000)
  eden space 138816K, 100% used [0x00000000a0000000, 0x00000000a8790000, 0x00000000a8790000)
  from space 17280K,   0% used [0x00000000a8790000, 0x00000000a8790000, 0x00000000a9870000)
  to   space 17280K,   0% used [0x00000000a9870000, 0x00000000a9870000, 0x00000000aa950000)
 tenured generation   total 346816K, used 0K [0x00000000c0000000, 0x00000000d52b0000, 0x0000000100000000)
   the space 346816K,   0% used [0x00000000c0000000, 0x00000000c0000000, 0x00000000c0000200, 0x00000000d52b0000)
 Metaspace       used 6027K, committed 6208K, reserved 1114112K
  class space    used 805K, committed 896K, reserved 1048576K
}
Event: 1.537 GC heap after
{Heap after GC invocations=1 (full 0):
 def new generation   total 156096K, used 16564K [0x00000000a0000000, 0x00000000aa950000, 0x00000000c0000000)
  eden space 138816K,   0% used [0x00000000a0000000, 0x00000000a0000000, 0x00000000a8790000)
  from space 17280K,  95% used [0x00000000a9870000, 0x00000000aa89d300, 0x00000000aa950000)
  to   space 17280K,   0% used [0x00000000a8790000, 0x00000000a8790000, 0x00000000a9870000)
 tenured generation   total 346816K, used 0K [0x00000000c0000000, 0x00000000d52b0000, 0x0000000100000000)
   the space 346816K,   0% used [0x00000000c0000000, 0x00000000c0000000, 0x00000000c0000200, 0x00000000d52b0000)
 Metaspace       used 6027K, committed 6208K, reserved 1114112K
  class space    used 805K, committed 896K, reserved 1048576K
}
Event: 18.338 GC heap before
{Heap before GC invocations=1 (full 0):
 def new generation   total 156096K, used 113110K [0x00000000a0000000, 0x00000000aa950000, 0x00000000c0000000)
  eden space 138816K,  69% used [0x00000000a0000000, 0x00000000a5e48800, 0x00000000a8790000)
  from space 17280K,  95% used [0x00000000a9870000, 0x00000000aa89d300, 0x00000000aa950000)
  to   space 17280K,   0% used [0x00000000a8790000, 0x00000000a8790000, 0x00000000a9870000)
 tenured generation   total 346816K, used 0K [0x00000000c0000000, 0x00000000d52b0000, 0x0000000100000000)
   the space 346816K,   0% used [0x00000000c0000000, 0x00000000c0000000, 0x00000000c0000200, 0x00000000d52b0000)
 Metaspace       used 20834K, committed 21504K, reserved 1114112K
  class space    used 3068K, committed 3392K, reserved 1048576K
}
Event: 18.377 GC heap after
{Heap after GC invocations=2 (full 1):
 def new generation   total 156160K, used 0K [0x00000000a0000000, 0x00000000aa970000, 0x00000000c0000000)
  eden space 138816K,   0% used [0x00000000a0000000, 0x00000000a0000000, 0x00000000a8790000)
  from space 17344K,   0% used [0x00000000a8790000, 0x00000000a8790000, 0x00000000a9880000)
  to   space 17344K,   0% used [0x00000000a9880000, 0x00000000a9880000, 0x00000000aa970000)
 tenured generation   total 346816K, used 22275K [0x00000000c0000000, 0x00000000d52b0000, 0x0000000100000000)
   the space 346816K,   6% used [0x00000000c0000000, 0x00000000c15c0c08, 0x00000000c15c0e00, 0x00000000d52b0000)
 Metaspace       used 20834K, committed 21504K, reserved 1114112K
  class space    used 3068K, committed 3392K, reserved 1048576K
}

