# JRE version: Java(TM) SE Runtime Environment (17.0.10+11) (build 17.0.10+11-LTS-240)
# Java VM: Java HotSpot(TM) 64-Bit Server VM (17.0.10+11-LTS-240, mixed mode, sharing, tiered, compressed oops, compressed class ptrs, serial gc, windows-amd64)
GC Precious Log:
 CPUs: 16 total, 16 available
 Memory: 32472M
 Large Page Support: Disabled
 NUMA Support: Disabled
 Compressed Oops: Enabled (32-bit)
 Heap Min Capacity: 8M
 Heap Initial Capacity: 508M
 Heap Max Capacity: 1536M
 Pre-touch: Disabled
Heap:
 def new generation   total 453952K, used 280752K [0x00000000a0000000, 0x00000000bec90000, 0x00000000c0000000)
  eden space 403520K,  64% used [0x00000000a0000000, 0x00000000afde57c0, 0x00000000b8a10000)
  from space 50432K,  41% used [0x00000000bbb50000, 0x00000000bcf96a20, 0x00000000bec90000)
  to   space 50432K,   0% used [0x00000000b8a10000, 0x00000000b8a10000, 0x00000000bbb50000)
 tenured generation   total 1006396K, used 888677K [0x00000000c0000000, 0x00000000fd6cf000, 0x0000000100000000)
   the space 1006396K,  88% used [0x00000000c0000000, 0x00000000f63d9758, 0x00000000f63d9800, 0x00000000fd6cf000)
 Metaspace       used 150117K, committed 151296K, reserved 1179648K
  class space    used 19827K, committed 20416K, reserved 1048576K
GC Heap History (20 events):
Event: 76.419 GC heap before
{Heap before GC invocations=189 (full 6):
 def new generation   total 339840K, used 339839K [0x00000000a0000000, 0x00000000b70c0000, 0x00000000c0000000)
  eden space 302080K, 100% used [0x00000000a0000000, 0x00000000b2700000, 0x00000000b2700000)
  from space 37760K,  99% used [0x00000000b2700000, 0x00000000b4bdfff8, 0x00000000b4be0000)
  to   space 37760K,   0% used [0x00000000b4be0000, 0x00000000b4be0000, 0x00000000b70c0000)
 tenured generation   total 753032K, used 597051K [0x00000000c0000000, 0x00000000edf62000, 0x0000000100000000)
   the space 753032K,  79% used [0x00000000c0000000, 0x00000000e470ee80, 0x00000000e470f000, 0x00000000edf62000)
 Metaspace       used 145225K, committed 146304K, reserved 1179648K
  class space    used 19346K, committed 19840K, reserved 1048576K
}
Event: 76.663 GC heap after
{Heap after GC invocations=190 (full 6):
 def new generation   total 339840K, used 37759K [0x00000000a0000000, 0x00000000b70c0000, 0x00000000c0000000)
  eden space 302080K,   0% used [0x00000000a0000000, 0x00000000a0000000, 0x00000000b2700000)
  from space 37760K,  99% used [0x00000000b4be0000, 0x00000000b70bfff8, 0x00000000b70c0000)
  to   space 37760K,   0% used [0x00000000b2700000, 0x00000000b2700000, 0x00000000b4be0000)
 tenured generation   total 753032K, used 720140K [0x00000000c0000000, 0x00000000edf62000, 0x0000000100000000)
   the space 753032K,  95% used [0x00000000c0000000, 0x00000000ebf43350, 0x00000000ebf43400, 0x00000000edf62000)
 Metaspace       used 145225K, committed 146304K, reserved 1179648K
  class space    used 19346K, committed 19840K, reserved 1048576K
}
Event: 77.125 GC heap before
{Heap before GC invocations=190 (full 6):
 def new generation   total 339840K, used 339839K [0x00000000a0000000, 0x00000000b70c0000, 0x00000000c0000000)
  eden space 302080K, 100% used [0x00000000a0000000, 0x00000000b2700000, 0x00000000b2700000)
  from space 37760K,  99% used [0x00000000b4be0000, 0x00000000b70bfff8, 0x00000000b70c0000)
  to   space 37760K,   0% used [0x00000000b2700000, 0x00000000b2700000, 0x00000000b4be0000)
 tenured generation   total 753032K, used 720140K [0x00000000c0000000, 0x00000000edf62000, 0x0000000100000000)
   the space 753032K,  95% used [0x00000000c0000000, 0x00000000ebf43350, 0x00000000ebf43400, 0x00000000edf62000)
 Metaspace       used 145240K, committed 146304K, reserved 1179648K
  class space    used 19346K, committed 19840K, reserved 1048576K
}
Event: 77.441 GC heap after
{Heap after GC invocations=191 (full 6):
 def new generation   total 339840K, used 37760K [0x00000000a0000000, 0x00000000b70c0000, 0x00000000c0000000)
  eden space 302080K,   0% used [0x00000000a0000000, 0x00000000a0000000, 0x00000000b2700000)
  from space 37760K, 100% used [0x00000000b2700000, 0x00000000b4be0000, 0x00000000b4be0000)
  to   space 37760K,   0% used [0x00000000b4be0000, 0x00000000b4be0000, 0x00000000b70c0000)
 tenured generation   total 880712K, used 880574K [0x00000000c0000000, 0x00000000f5c12000, 0x0000000100000000)
   the space 880712K,  99% used [0x00000000c0000000, 0x00000000f5bef990, 0x00000000f5befa00, 0x00000000f5c12000)
 Metaspace       used 145240K, committed 146304K, reserved 1179648K
  class space    used 19346K, committed 19840K, reserved 1048576K
}
Event: 77.441 GC heap before
{Heap before GC invocations=191 (full 6):
 def new generation   total 339840K, used 37760K [0x00000000a0000000, 0x00000000b70c0000, 0x00000000c0000000)
  eden space 302080K,   0% used [0x00000000a0000000, 0x00000000a0000000, 0x00000000b2700000)
  from space 37760K, 100% used [0x00000000b2700000, 0x00000000b4be0000, 0x00000000b4be0000)
  to   space 37760K,   0% used [0x00000000b4be0000, 0x00000000b4be0000, 0x00000000b70c0000)
 tenured generation   total 880712K, used 880574K [0x00000000c0000000, 0x00000000f5c12000, 0x0000000100000000)
   the space 880712K,  99% used [0x00000000c0000000, 0x00000000f5bef990, 0x00000000f5befa00, 0x00000000f5c12000)
 Metaspace       used 145240K, committed 146304K, reserved 1179648K
  class space    used 19346K, committed 19840K, reserved 1048576K
}
Event: 78.090 GC heap after
{Heap after GC invocations=191 (full 7):
 def new generation   total 453952K, used 0K [0x00000000a0000000, 0x00000000bec90000, 0x00000000c0000000)
  eden space 403520K,   0% used [0x00000000a0000000, 0x00000000a0000000, 0x00000000b8a10000)
  from space 50432K,   0% used [0x00000000b8a10000, 0x00000000b8a10000, 0x00000000bbb50000)
  to   space 50432K,   0% used [0x00000000bbb50000, 0x00000000bbb50000, 0x00000000bec90000)
 tenured generation   total 1006396K, used 603835K [0x00000000c0000000, 0x00000000fd6cf000, 0x0000000100000000)
   the space 1006396K,  59% used [0x00000000c0000000, 0x00000000e4daee08, 0x00000000e4daf000, 0x00000000fd6cf000)
 Metaspace       used 145240K, committed 146304K, reserved 1179648K
  class space    used 19346K, committed 19840K, reserved 1048576K
}
Event: 79.251 GC heap before
{Heap before GC invocations=191 (full 7):
 def new generation   total 453952K, used 403520K [0x00000000a0000000, 0x00000000bec90000, 0x00000000c0000000)
  eden space 403520K, 100% used [0x00000000a0000000, 0x00000000b8a10000, 0x00000000b8a10000)
  from space 50432K,   0% used [0x00000000b8a10000, 0x00000000b8a10000, 0x00000000bbb50000)
  to   space 50432K,   0% used [0x00000000bbb50000, 0x00000000bbb50000, 0x00000000bec90000)
 tenured generation   total 1006396K, used 603835K [0x00000000c0000000, 0x00000000fd6cf000, 0x0000000100000000)
   the space 1006396K,  59% used [0x00000000c0000000, 0x00000000e4daee08, 0x00000000e4daf000, 0x00000000fd6cf000)
 Metaspace       used 146755K, committed 147840K, reserved 1179648K
  class space    used 19549K, committed 20096K, reserved 1048576K
}
Event: 79.402 GC heap after
{Heap after GC invocations=192 (full 7):
 def new generation   total 453952K, used 50432K [0x00000000a0000000, 0x00000000bec90000, 0x00000000c0000000)
  eden space 403520K,   0% used [0x00000000a0000000, 0x00000000a0000000, 0x00000000b8a10000)
  from space 50432K, 100% used [0x00000000bbb50000, 0x00000000bec90000, 0x00000000bec90000)
  to   space 50432K,   0% used [0x00000000b8a10000, 0x00000000b8a10000, 0x00000000bbb50000)
 tenured generation   total 1006396K, used 651266K [0x00000000c0000000, 0x00000000fd6cf000, 0x0000000100000000)
   the space 1006396K,  64% used [0x00000000c0000000, 0x00000000e7c00b58, 0x00000000e7c00c00, 0x00000000fd6cf000)
 Metaspace       used 146755K, committed 147840K, reserved 1179648K
  class space    used 19549K, committed 20096K, reserved 1048576K
}
Event: 80.583 GC heap before
{Heap before GC invocations=192 (full 7):
 def new generation   total 453952K, used 453952K [0x00000000a0000000, 0x00000000bec90000, 0x00000000c0000000)
  eden space 403520K, 100% used [0x00000000a0000000, 0x00000000b8a10000, 0x00000000b8a10000)
  from space 50432K, 100% used [0x00000000bbb50000, 0x00000000bec90000, 0x00000000bec90000)
  to   space 50432K,   0% used [0x00000000b8a10000, 0x00000000b8a10000, 0x00000000bbb50000)
 tenured generation   total 1006396K, used 651266K [0x00000000c0000000, 0x00000000fd6cf000, 0x0000000100000000)
   the space 1006396K,  64% used [0x00000000c0000000, 0x00000000e7c00b58, 0x00000000e7c00c00, 0x00000000fd6cf000)
 Metaspace       used 148561K, committed 149696K, reserved 1179648K
  class space    used 19693K, committed 20288K, reserved 1048576K
}
Event: 80.663 GC heap after
{Heap after GC invocations=193 (full 7):
 def new generation   total 453952K, used 16192K [0x00000000a0000000, 0x00000000bec90000, 0x00000000c0000000)
  eden space 403520K,   0% used [0x00000000a0000000, 0x00000000a0000000, 0x00000000b8a10000)
  from space 50432K,  32% used [0x00000000b8a10000, 0x00000000b99e0118, 0x00000000bbb50000)
  to   space 50432K,   0% used [0x00000000bbb50000, 0x00000000bbb50000, 0x00000000bec90000)
 tenured generation   total 1006396K, used 700130K [0x00000000c0000000, 0x00000000fd6cf000, 0x0000000100000000)
   the space 1006396K,  69% used [0x00000000c0000000, 0x00000000eabb8900, 0x00000000eabb8a00, 0x00000000fd6cf000)
 Metaspace       used 148561K, committed 149696K, reserved 1179648K
  class space    used 19693K, committed 20288K, reserved 1048576K
}
Event: 81.750 GC heap before
{Heap before GC invocations=193 (full 7):
 def new generation   total 453952K, used 419712K [0x00000000a0000000, 0x00000000bec90000, 0x00000000c0000000)
  eden space 403520K, 100% used [0x00000000a0000000, 0x00000000b8a10000, 0x00000000b8a10000)
  from space 50432K,  32% used [0x00000000b8a10000, 0x00000000b99e0118, 0x00000000bbb50000)
  to   space 50432K,   0% used [0x00000000bbb50000, 0x00000000bbb50000, 0x00000000bec90000)
 tenured generation   total 1006396K, used 700130K [0x00000000c0000000, 0x00000000fd6cf000, 0x0000000100000000)
   the space 1006396K,  69% used [0x00000000c0000000, 0x00000000eabb8900, 0x00000000eabb8a00, 0x00000000fd6cf000)
 Metaspace       used 149522K, committed 150656K, reserved 1179648K
  class space    used 19793K, committed 20352K, reserved 1048576K
}
Event: 81.811 GC heap after
{Heap after GC invocations=194 (full 7):
 def new generation   total 453952K, used 50432K [0x00000000a0000000, 0x00000000bec90000, 0x00000000c0000000)
  eden space 403520K,   0% used [0x00000000a0000000, 0x00000000a0000000, 0x00000000b8a10000)
  from space 50432K, 100% used [0x00000000bbb50000, 0x00000000bec90000, 0x00000000bec90000)
  to   space 50432K,   0% used [0x00000000b8a10000, 0x00000000b8a10000, 0x00000000bbb50000)
 tenured generation   total 1006396K, used 707858K [0x00000000c0000000, 0x00000000fd6cf000, 0x0000000100000000)
   the space 1006396K,  70% used [0x00000000c0000000, 0x00000000eb344a10, 0x00000000eb344c00, 0x00000000fd6cf000)
 Metaspace       used 149522K, committed 150656K, reserved 1179648K
  class space    used 19793K, committed 20352K, reserved 1048576K
}
Event: 82.171 GC heap before
{Heap before GC invocations=194 (full 7):
 def new generation   total 453952K, used 453936K [0x00000000a0000000, 0x00000000bec90000, 0x00000000c0000000)
  eden space 403520K,  99% used [0x00000000a0000000, 0x00000000b8a0c168, 0x00000000b8a10000)
  from space 50432K, 100% used [0x00000000bbb50000, 0x00000000bec90000, 0x00000000bec90000)
  to   space 50432K,   0% used [0x00000000b8a10000, 0x00000000b8a10000, 0x00000000bbb50000)
 tenured generation   total 1006396K, used 707890K [0x00000000c0000000, 0x00000000fd6cf000, 0x0000000100000000)
   the space 1006396K,  70% used [0x00000000c0000000, 0x00000000eb34ca20, 0x00000000eb34cc00, 0x00000000fd6cf000)
 Metaspace       used 149865K, committed 150976K, reserved 1179648K
  class space    used 19810K, committed 20352K, reserved 1048576K
}
Event: 82.235 GC heap after
{Heap after GC invocations=195 (full 7):
 def new generation   total 453952K, used 16318K [0x00000000a0000000, 0x00000000bec90000, 0x00000000c0000000)
  eden space 403520K,   0% used [0x00000000a0000000, 0x00000000a0000000, 0x00000000b8a10000)
  from space 50432K,  32% used [0x00000000b8a10000, 0x00000000b99ffad0, 0x00000000bbb50000)
  to   space 50432K,   0% used [0x00000000bbb50000, 0x00000000bbb50000, 0x00000000bec90000)
 tenured generation   total 1006396K, used 758141K [0x00000000c0000000, 0x00000000fd6cf000, 0x0000000100000000)
   the space 1006396K,  75% used [0x00000000c0000000, 0x00000000ee45f7c0, 0x00000000ee45f800, 0x00000000fd6cf000)
 Metaspace       used 149865K, committed 150976K, reserved 1179648K
  class space    used 19810K, committed 20352K, reserved 1048576K
}
Event: 82.582 GC heap before
{Heap before GC invocations=195 (full 7):
 def new generation   total 453952K, used 419838K [0x00000000a0000000, 0x00000000bec90000, 0x00000000c0000000)
  eden space 403520K, 100% used [0x00000000a0000000, 0x00000000b8a10000, 0x00000000b8a10000)
  from space 50432K,  32% used [0x00000000b8a10000, 0x00000000b99ffae8, 0x00000000bbb50000)
  to   space 50432K,   0% used [0x00000000bbb50000, 0x00000000bbb50000, 0x00000000bec90000)
 tenured generation   total 1006396K, used 758141K [0x00000000c0000000, 0x00000000fd6cf000, 0x0000000100000000)
   the space 1006396K,  75% used [0x00000000c0000000, 0x00000000ee45f7c0, 0x00000000ee45f800, 0x00000000fd6cf000)
 Metaspace       used 149970K, committed 151104K, reserved 1179648K
  class space    used 19811K, committed 20352K, reserved 1048576K
}
Event: 82.608 GC heap after
{Heap after GC invocations=196 (full 7):
 def new generation   total 453952K, used 36776K [0x00000000a0000000, 0x00000000bec90000, 0x00000000c0000000)
  eden space 403520K,   0% used [0x00000000a0000000, 0x00000000a0000000, 0x00000000b8a10000)
  from space 50432K,  72% used [0x00000000bbb50000, 0x00000000bdf3a130, 0x00000000bec90000)
  to   space 50432K,   0% used [0x00000000b8a10000, 0x00000000b8a10000, 0x00000000bbb50000)
 tenured generation   total 1006396K, used 758141K [0x00000000c0000000, 0x00000000fd6cf000, 0x0000000100000000)
   the space 1006396K,  75% used [0x00000000c0000000, 0x00000000ee45f7c0, 0x00000000ee45f800, 0x00000000fd6cf000)
 Metaspace       used 149970K, committed 151104K, reserved 1179648K
  class space    used 19811K, committed 20352K, reserved 1048576K
}
Event: 82.886 GC heap before
{Heap before GC invocations=196 (full 7):
 def new generation   total 453952K, used 440296K [0x00000000a0000000, 0x00000000bec90000, 0x00000000c0000000)
  eden space 403520K, 100% used [0x00000000a0000000, 0x00000000b8a10000, 0x00000000b8a10000)
  from space 50432K,  72% used [0x00000000bbb50000, 0x00000000bdf3a168, 0x00000000bec90000)
  to   space 50432K,   0% used [0x00000000b8a10000, 0x00000000b8a10000, 0x00000000bbb50000)
 tenured generation   total 1006396K, used 758141K [0x00000000c0000000, 0x00000000fd6cf000, 0x0000000100000000)
   the space 1006396K,  75% used [0x00000000c0000000, 0x00000000ee45f7c0, 0x00000000ee45f800, 0x00000000fd6cf000)
 Metaspace       used 149984K, committed 151104K, reserved 1179648K
  class space    used 19812K, committed 20352K, reserved 1048576K
}
Event: 82.947 GC heap after
{Heap after GC invocations=197 (full 7):
 def new generation   total 453952K, used 50431K [0x00000000a0000000, 0x00000000bec90000, 0x00000000c0000000)
  eden space 403520K,   0% used [0x00000000a0000000, 0x00000000a0000000, 0x00000000b8a10000)
  from space 50432K,  99% used [0x00000000b8a10000, 0x00000000bbb4fff0, 0x00000000bbb50000)
  to   space 50432K,   0% used [0x00000000bbb50000, 0x00000000bbb50000, 0x00000000bec90000)
 tenured generation   total 1006396K, used 817582K [0x00000000c0000000, 0x00000000fd6cf000, 0x0000000100000000)
   the space 1006396K,  81% used [0x00000000c0000000, 0x00000000f1e6bab8, 0x00000000f1e6bc00, 0x00000000fd6cf000)
 Metaspace       used 149984K, committed 151104K, reserved 1179648K
  class space    used 19812K, committed 20352K, reserved 1048576K
}
Event: 83.207 GC heap before
{Heap before GC invocations=197 (full 7):
 def new generation   total 453952K, used 435847K [0x00000000a0000000, 0x00000000bec90000, 0x00000000c0000000)
  eden space 403520K,  95% used [0x00000000a0000000, 0x00000000b7861f90, 0x00000000b8a10000)
  from space 50432K,  99% used [0x00000000b8a10000, 0x00000000bbb4fff0, 0x00000000bbb50000)
  to   space 50432K,   0% used [0x00000000bbb50000, 0x00000000bbb50000, 0x00000000bec90000)
 tenured generation   total 1006396K, used 842748K [0x00000000c0000000, 0x00000000fd6cf000, 0x0000000100000000)
   the space 1006396K,  83% used [0x00000000c0000000, 0x00000000f36ff358, 0x00000000f36ff400, 0x00000000fd6cf000)
 Metaspace       used 150018K, committed 151168K, reserved 1179648K
  class space    used 19812K, committed 20352K, reserved 1048576K
}
Event: 83.243 GC heap after
{Heap after GC invocations=198 (full 7):
 def new generation   total 453952K, used 20762K [0x00000000a0000000, 0x00000000bec90000, 0x00000000c0000000)
  eden space 403520K,   0% used [0x00000000a0000000, 0x00000000a0000000, 0x00000000b8a10000)
  from space 50432K,  41% used [0x00000000bbb50000, 0x00000000bcf96a20, 0x00000000bec90000)
  to   space 50432K,   0% used [0x00000000b8a10000, 0x00000000b8a10000, 0x00000000bbb50000)
 tenured generation   total 1006396K, used 888677K [0x00000000c0000000, 0x00000000fd6cf000, 0x0000000100000000)
   the space 1006396K,  88% used [0x00000000c0000000, 0x00000000f63d9758, 0x00000000f63d9800, 0x00000000fd6cf000)
 Metaspace       used 150018K, committed 151168K, reserved 1179648K
  class space    used 19812K, committed 20352K, reserved 1048576K
}

