# JRE version: OpenJDK Runtime Environment (21.0.9) (build 21.0.9+-14787801-b1163.94)
# Java VM: OpenJDK 64-Bit Server VM (21.0.9+-14787801-b1163.94, mixed mode, tiered, compressed oops, compressed class ptrs, serial gc, windows-amd64)
GC Precious Log:
 CardTable entry size: 512
 CPUs: 16 total, 16 available
 Memory: 32472M
 Large Page Support: Disabled
 NUMA Support: Disabled
 Compressed Oops: Enabled (32-bit)
 Heap Min Capacity: 8M
 Heap Initial Capacity: 508M
 Heap Max Capacity: 1536M
 Pre-touch: Disabled
Heap:
 def new generation   total 156992K, used 109606K [0x00000000a0000000, 0x00000000aaa50000, 0x00000000c0000000)
  eden space 139584K,  74% used [0x00000000a0000000, 0x00000000a652cdd8, 0x00000000a8850000)
  from space 17408K,  34% used [0x00000000a9950000, 0x00000000a9f2cc38, 0x00000000aaa50000)
  to   space 17408K,   0% used [0x00000000a8850000, 0x00000000a8850000, 0x00000000a9950000)
 tenured generation   total 346816K, used 312206K [0x00000000c0000000, 0x00000000d52b0000, 0x0000000100000000)
   the space 346816K,  90% used [0x00000000c0000000, 0x00000000d30e38c8, 0x00000000d30e3a00, 0x00000000d52b0000)
 Metaspace       used 180941K, committed 183488K, reserved 1245184K
  class space    used 24750K, committed 25984K, reserved 1048576K
GC Heap History (20 events):
Event: 54.706 GC heap before
{Heap before GC invocations=41 (full 4):
 def new generation   total 156672K, used 145995K [0x00000000a0000000, 0x00000000aa9f0000, 0x00000000c0000000)
  eden space 139328K, 100% used [0x00000000a0000000, 0x00000000a8810000, 0x00000000a8810000)
  from space 17344K,  38% used [0x00000000a8810000, 0x00000000a8e92d38, 0x00000000a9900000)
  to   space 17344K,   0% used [0x00000000a9900000, 0x00000000a9900000, 0x00000000aa9f0000)
 tenured generation   total 346816K, used 271521K [0x00000000c0000000, 0x00000000d52b0000, 0x0000000100000000)
   the space 346816K,  78% used [0x00000000c0000000, 0x00000000d09284f0, 0x00000000d0928600, 0x00000000d52b0000)
 Metaspace       used 150649K, committed 153024K, reserved 1245184K
  class space    used 20881K, committed 22080K, reserved 1048576K
}
Event: 54.753 GC heap after
{Heap after GC invocations=42 (full 4):
 def new generation   total 156672K, used 17343K [0x00000000a0000000, 0x00000000aa9f0000, 0x00000000c0000000)
  eden space 139328K,   0% used [0x00000000a0000000, 0x00000000a0000000, 0x00000000a8810000)
  from space 17344K,  99% used [0x00000000a9900000, 0x00000000aa9efff8, 0x00000000aa9f0000)
  to   space 17344K,   0% used [0x00000000a8810000, 0x00000000a8810000, 0x00000000a9900000)
 tenured generation   total 346816K, used 278814K [0x00000000c0000000, 0x00000000d52b0000, 0x0000000100000000)
   the space 346816K,  80% used [0x00000000c0000000, 0x00000000d1047b60, 0x00000000d1047c00, 0x00000000d52b0000)
 Metaspace       used 150649K, committed 153024K, reserved 1245184K
  class space    used 20881K, committed 22080K, reserved 1048576K
}
Event: 69.659 GC heap before
{Heap before GC invocations=42 (full 4):
 def new generation   total 156672K, used 156671K [0x00000000a0000000, 0x00000000aa9f0000, 0x00000000c0000000)
  eden space 139328K, 100% used [0x00000000a0000000, 0x00000000a8810000, 0x00000000a8810000)
  from space 17344K,  99% used [0x00000000a9900000, 0x00000000aa9efff8, 0x00000000aa9f0000)
  to   space 17344K,   0% used [0x00000000a8810000, 0x00000000a8810000, 0x00000000a9900000)
 tenured generation   total 346816K, used 278814K [0x00000000c0000000, 0x00000000d52b0000, 0x0000000100000000)
   the space 346816K,  80% used [0x00000000c0000000, 0x00000000d1047b60, 0x00000000d1047c00, 0x00000000d52b0000)
 Metaspace       used 151765K, committed 154176K, reserved 1245184K
  class space    used 20960K, committed 22144K, reserved 1048576K
}
Event: 69.691 GC heap after
{Heap after GC invocations=43 (full 4):
 def new generation   total 156672K, used 9012K [0x00000000a0000000, 0x00000000aa9f0000, 0x00000000c0000000)
  eden space 139328K,   0% used [0x00000000a0000000, 0x00000000a0000000, 0x00000000a8810000)
  from space 17344K,  51% used [0x00000000a8810000, 0x00000000a90dd280, 0x00000000a9900000)
  to   space 17344K,   0% used [0x00000000a9900000, 0x00000000a9900000, 0x00000000aa9f0000)
 tenured generation   total 346816K, used 294931K [0x00000000c0000000, 0x00000000d52b0000, 0x0000000100000000)
   the space 346816K,  85% used [0x00000000c0000000, 0x00000000d2004d78, 0x00000000d2004e00, 0x00000000d52b0000)
 Metaspace       used 151765K, committed 154176K, reserved 1245184K
  class space    used 20960K, committed 22144K, reserved 1048576K
}
Event: 76.287 GC heap before
{Heap before GC invocations=43 (full 4):
 def new generation   total 156672K, used 98392K [0x00000000a0000000, 0x00000000aa9f0000, 0x00000000c0000000)
  eden space 139328K,  64% used [0x00000000a0000000, 0x00000000a5748e90, 0x00000000a8810000)
  from space 17344K,  51% used [0x00000000a8810000, 0x00000000a90dd280, 0x00000000a9900000)
  to   space 17344K,   0% used [0x00000000a9900000, 0x00000000a9900000, 0x00000000aa9f0000)
 tenured generation   total 346816K, used 294931K [0x00000000c0000000, 0x00000000d52b0000, 0x0000000100000000)
   the space 346816K,  85% used [0x00000000c0000000, 0x00000000d2004d78, 0x00000000d2004e00, 0x00000000d52b0000)
 Metaspace       used 153379K, committed 155776K, reserved 1245184K
  class space    used 21142K, committed 22336K, reserved 1048576K
}
Event: 79.930 GC heap after
{Heap after GC invocations=44 (full 5):
 def new generation   total 156992K, used 0K [0x00000000a0000000, 0x00000000aaa50000, 0x00000000c0000000)
  eden space 139584K,   0% used [0x00000000a0000000, 0x00000000a0000000, 0x00000000a8850000)
  from space 17408K,   0% used [0x00000000a8850000, 0x00000000a8850000, 0x00000000a9950000)
  to   space 17408K,   0% used [0x00000000a9950000, 0x00000000a9950000, 0x00000000aaa50000)
 tenured generation   total 346816K, used 272855K [0x00000000c0000000, 0x00000000d52b0000, 0x0000000100000000)
   the space 346816K,  78% used [0x00000000c0000000, 0x00000000d0a75f00, 0x00000000d0a76000, 0x00000000d52b0000)
 Metaspace       used 153379K, committed 155776K, reserved 1245184K
  class space    used 21142K, committed 22336K, reserved 1048576K
}
Event: 100.246 GC heap before
{Heap before GC invocations=44 (full 5):
 def new generation   total 156992K, used 139584K [0x00000000a0000000, 0x00000000aaa50000, 0x00000000c0000000)
  eden space 139584K, 100% used [0x00000000a0000000, 0x00000000a8850000, 0x00000000a8850000)
  from space 17408K,   0% used [0x00000000a8850000, 0x00000000a8850000, 0x00000000a9950000)
  to   space 17408K,   0% used [0x00000000a9950000, 0x00000000a9950000, 0x00000000aaa50000)
 tenured generation   total 346816K, used 272855K [0x00000000c0000000, 0x00000000d52b0000, 0x0000000100000000)
   the space 346816K,  78% used [0x00000000c0000000, 0x00000000d0a75f00, 0x00000000d0a76000, 0x00000000d52b0000)
 Metaspace       used 153583K, committed 156032K, reserved 1245184K
  class space    used 21145K, committed 22336K, reserved 1048576K
}
Event: 100.271 GC heap after
{Heap after GC invocations=45 (full 5):
 def new generation   total 156992K, used 11659K [0x00000000a0000000, 0x00000000aaa50000, 0x00000000c0000000)
  eden space 139584K,   0% used [0x00000000a0000000, 0x00000000a0000000, 0x00000000a8850000)
  from space 17408K,  66% used [0x00000000a9950000, 0x00000000aa4b2c78, 0x00000000aaa50000)
  to   space 17408K,   0% used [0x00000000a8850000, 0x00000000a8850000, 0x00000000a9950000)
 tenured generation   total 346816K, used 272855K [0x00000000c0000000, 0x00000000d52b0000, 0x0000000100000000)
   the space 346816K,  78% used [0x00000000c0000000, 0x00000000d0a75f00, 0x00000000d0a76000, 0x00000000d52b0000)
 Metaspace       used 153583K, committed 156032K, reserved 1245184K
  class space    used 21145K, committed 22336K, reserved 1048576K
}
Event: 138.384 GC heap before
{Heap before GC invocations=45 (full 5):
 def new generation   total 156992K, used 151243K [0x00000000a0000000, 0x00000000aaa50000, 0x00000000c0000000)
  eden space 139584K, 100% used [0x00000000a0000000, 0x00000000a8850000, 0x00000000a8850000)
  from space 17408K,  66% used [0x00000000a9950000, 0x00000000aa4b2c78, 0x00000000aaa50000)
  to   space 17408K,   0% used [0x00000000a8850000, 0x00000000a8850000, 0x00000000a9950000)
 tenured generation   total 346816K, used 272855K [0x00000000c0000000, 0x00000000d52b0000, 0x0000000100000000)
   the space 346816K,  78% used [0x00000000c0000000, 0x00000000d0a75f00, 0x00000000d0a76000, 0x00000000d52b0000)
 Metaspace       used 153990K, committed 156416K, reserved 1245184K
  class space    used 21159K, committed 22336K, reserved 1048576K
}
Event: 138.400 GC heap after
{Heap after GC invocations=46 (full 5):
 def new generation   total 156992K, used 6647K [0x00000000a0000000, 0x00000000aaa50000, 0x00000000c0000000)
  eden space 139584K,   0% used [0x00000000a0000000, 0x00000000a0000000, 0x00000000a8850000)
  from space 17408K,  38% used [0x00000000a8850000, 0x00000000a8ecdd10, 0x00000000a9950000)
  to   space 17408K,   0% used [0x00000000a9950000, 0x00000000a9950000, 0x00000000aaa50000)
 tenured generation   total 346816K, used 283605K [0x00000000c0000000, 0x00000000d52b0000, 0x0000000100000000)
   the space 346816K,  81% used [0x00000000c0000000, 0x00000000d14f5420, 0x00000000d14f5600, 0x00000000d52b0000)
 Metaspace       used 153990K, committed 156416K, reserved 1245184K
  class space    used 21159K, committed 22336K, reserved 1048576K
}
Event: 158.358 GC heap before
{Heap before GC invocations=46 (full 5):
 def new generation   total 156992K, used 146231K [0x00000000a0000000, 0x00000000aaa50000, 0x00000000c0000000)
  eden space 139584K, 100% used [0x00000000a0000000, 0x00000000a8850000, 0x00000000a8850000)
  from space 17408K,  38% used [0x00000000a8850000, 0x00000000a8ecdd10, 0x00000000a9950000)
  to   space 17408K,   0% used [0x00000000a9950000, 0x00000000a9950000, 0x00000000aaa50000)
 tenured generation   total 346816K, used 283605K [0x00000000c0000000, 0x00000000d52b0000, 0x0000000100000000)
   the space 346816K,  81% used [0x00000000c0000000, 0x00000000d14f5420, 0x00000000d14f5600, 0x00000000d52b0000)
 Metaspace       used 155758K, committed 158208K, reserved 1245184K
  class space    used 21413K, committed 22592K, reserved 1048576K
}
Event: 158.374 GC heap after
{Heap after GC invocations=47 (full 5):
 def new generation   total 156992K, used 12661K [0x00000000a0000000, 0x00000000aaa50000, 0x00000000c0000000)
  eden space 139584K,   0% used [0x00000000a0000000, 0x00000000a0000000, 0x00000000a8850000)
  from space 17408K,  72% used [0x00000000a9950000, 0x00000000aa5ad5e8, 0x00000000aaa50000)
  to   space 17408K,   0% used [0x00000000a8850000, 0x00000000a8850000, 0x00000000a9950000)
 tenured generation   total 346816K, used 283605K [0x00000000c0000000, 0x00000000d52b0000, 0x0000000100000000)
   the space 346816K,  81% used [0x00000000c0000000, 0x00000000d14f5420, 0x00000000d14f5600, 0x00000000d52b0000)
 Metaspace       used 155758K, committed 158208K, reserved 1245184K
  class space    used 21413K, committed 22592K, reserved 1048576K
}
Event: 159.526 GC heap before
{Heap before GC invocations=47 (full 5):
 def new generation   total 156992K, used 152245K [0x00000000a0000000, 0x00000000aaa50000, 0x00000000c0000000)
  eden space 139584K, 100% used [0x00000000a0000000, 0x00000000a8850000, 0x00000000a8850000)
  from space 17408K,  72% used [0x00000000a9950000, 0x00000000aa5ad5e8, 0x00000000aaa50000)
  to   space 17408K,   0% used [0x00000000a8850000, 0x00000000a8850000, 0x00000000a9950000)
 tenured generation   total 346816K, used 283605K [0x00000000c0000000, 0x00000000d52b0000, 0x0000000100000000)
   the space 346816K,  81% used [0x00000000c0000000, 0x00000000d14f5420, 0x00000000d14f5600, 0x00000000d52b0000)
 Metaspace       used 162585K, committed 165056K, reserved 1245184K
  class space    used 22353K, committed 23552K, reserved 1048576K
}
Event: 159.556 GC heap after
{Heap after GC invocations=48 (full 5):
 def new generation   total 156992K, used 16854K [0x00000000a0000000, 0x00000000aaa50000, 0x00000000c0000000)
  eden space 139584K,   0% used [0x00000000a0000000, 0x00000000a0000000, 0x00000000a8850000)
  from space 17408K,  96% used [0x00000000a8850000, 0x00000000a98c59c8, 0x00000000a9950000)
  to   space 17408K,   0% used [0x00000000a9950000, 0x00000000a9950000, 0x00000000aaa50000)
 tenured generation   total 346816K, used 287606K [0x00000000c0000000, 0x00000000d52b0000, 0x0000000100000000)
   the space 346816K,  82% used [0x00000000c0000000, 0x00000000d18ddbe8, 0x00000000d18ddc00, 0x00000000d52b0000)
 Metaspace       used 162585K, committed 165056K, reserved 1245184K
  class space    used 22353K, committed 23552K, reserved 1048576K
}
Event: 160.780 GC heap before
{Heap before GC invocations=48 (full 5):
 def new generation   total 156992K, used 156438K [0x00000000a0000000, 0x00000000aaa50000, 0x00000000c0000000)
  eden space 139584K, 100% used [0x00000000a0000000, 0x00000000a8850000, 0x00000000a8850000)
  from space 17408K,  96% used [0x00000000a8850000, 0x00000000a98c59c8, 0x00000000a9950000)
  to   space 17408K,   0% used [0x00000000a9950000, 0x00000000a9950000, 0x00000000aaa50000)
 tenured generation   total 346816K, used 287606K [0x00000000c0000000, 0x00000000d52b0000, 0x0000000100000000)
   the space 346816K,  82% used [0x00000000c0000000, 0x00000000d18ddbe8, 0x00000000d18ddc00, 0x00000000d52b0000)
 Metaspace       used 173587K, committed 176128K, reserved 1245184K
  class space    used 23793K, committed 25024K, reserved 1048576K
}
Event: 160.812 GC heap after
{Heap after GC invocations=49 (full 5):
 def new generation   total 156992K, used 8249K [0x00000000a0000000, 0x00000000aaa50000, 0x00000000c0000000)
  eden space 139584K,   0% used [0x00000000a0000000, 0x00000000a0000000, 0x00000000a8850000)
  from space 17408K,  47% used [0x00000000a9950000, 0x00000000aa15e6e8, 0x00000000aaa50000)
  to   space 17408K,   0% used [0x00000000a8850000, 0x00000000a8850000, 0x00000000a9950000)
 tenured generation   total 346816K, used 304292K [0x00000000c0000000, 0x00000000d52b0000, 0x0000000100000000)
   the space 346816K,  87% used [0x00000000c0000000, 0x00000000d2929368, 0x00000000d2929400, 0x00000000d52b0000)
 Metaspace       used 173587K, committed 176128K, reserved 1245184K
  class space    used 23793K, committed 25024K, reserved 1048576K
}
Event: 161.639 GC heap before
{Heap before GC invocations=49 (full 5):
 def new generation   total 156992K, used 147833K [0x00000000a0000000, 0x00000000aaa50000, 0x00000000c0000000)
  eden space 139584K, 100% used [0x00000000a0000000, 0x00000000a8850000, 0x00000000a8850000)
  from space 17408K,  47% used [0x00000000a9950000, 0x00000000aa15e6e8, 0x00000000aaa50000)
  to   space 17408K,   0% used [0x00000000a8850000, 0x00000000a8850000, 0x00000000a9950000)
 tenured generation   total 346816K, used 304292K [0x00000000c0000000, 0x00000000d52b0000, 0x0000000100000000)
   the space 346816K,  87% used [0x00000000c0000000, 0x00000000d2929368, 0x00000000d2929400, 0x00000000d52b0000)
 Metaspace       used 178032K, committed 180480K, reserved 1245184K
  class space    used 24426K, committed 25600K, reserved 1048576K
}
Event: 161.654 GC heap after
{Heap after GC invocations=50 (full 5):
 def new generation   total 156992K, used 13591K [0x00000000a0000000, 0x00000000aaa50000, 0x00000000c0000000)
  eden space 139584K,   0% used [0x00000000a0000000, 0x00000000a0000000, 0x00000000a8850000)
  from space 17408K,  78% used [0x00000000a8850000, 0x00000000a9595db0, 0x00000000a9950000)
  to   space 17408K,   0% used [0x00000000a9950000, 0x00000000a9950000, 0x00000000aaa50000)
 tenured generation   total 346816K, used 304292K [0x00000000c0000000, 0x00000000d52b0000, 0x0000000100000000)
   the space 346816K,  87% used [0x00000000c0000000, 0x00000000d2929368, 0x00000000d2929400, 0x00000000d52b0000)
 Metaspace       used 178032K, committed 180480K, reserved 1245184K
  class space    used 24426K, committed 25600K, reserved 1048576K
}
Event: 161.968 GC heap before
{Heap before GC invocations=50 (full 5):
 def new generation   total 156992K, used 153175K [0x00000000a0000000, 0x00000000aaa50000, 0x00000000c0000000)
  eden space 139584K, 100% used [0x00000000a0000000, 0x00000000a8850000, 0x00000000a8850000)
  from space 17408K,  78% used [0x00000000a8850000, 0x00000000a9595db0, 0x00000000a9950000)
  to   space 17408K,   0% used [0x00000000a9950000, 0x00000000a9950000, 0x00000000aaa50000)
 tenured generation   total 346816K, used 304292K [0x00000000c0000000, 0x00000000d52b0000, 0x0000000100000000)
   the space 346816K,  87% used [0x00000000c0000000, 0x00000000d2929368, 0x00000000d2929400, 0x00000000d52b0000)
 Metaspace       used 178052K, committed 180480K, reserved 1245184K
  class space    used 24428K, committed 25600K, reserved 1048576K
}
Event: 161.980 GC heap after
{Heap after GC invocations=51 (full 5):
 def new generation   total 156992K, used 6003K [0x00000000a0000000, 0x00000000aaa50000, 0x00000000c0000000)
  eden space 139584K,   0% used [0x00000000a0000000, 0x00000000a0000000, 0x00000000a8850000)
  from space 17408K,  34% used [0x00000000a9950000, 0x00000000a9f2cc38, 0x00000000aaa50000)
  to   space 17408K,   0% used [0x00000000a8850000, 0x00000000a8850000, 0x00000000a9950000)
 tenured generation   total 346816K, used 312206K [0x00000000c0000000, 0x00000000d52b0000, 0x0000000100000000)
   the space 346816K,  90% used [0x00000000c0000000, 0x00000000d30e38c8, 0x00000000d30e3a00, 0x00000000d52b0000)
 Metaspace       used 178052K, committed 180480K, reserved 1245184K
  class space    used 24428K, committed 25600K, reserved 1048576K
}

